2025-05-04 14:27:21.154 +02:00 [WRN] Failed to determine the https port for redirect. [User:{Properties.UserId}] [Role:{Properties.UserRole}]
2025-05-04 14:27:21.361 +02:00 [INF] Request: POST /api/Auth/login - User login by user anonymous with role none [User:{Properties.UserId}] [Role:{Properties.UserRole}]
2025-05-04 14:27:48.441 +02:00 [INF] Request: GET /api/Logs/diagnostics - Log access by user anonymous with role none [User:{Properties.UserId}] [Role:{Properties.UserRole}]
2025-05-04 14:28:08.528 +02:00 [INF] Request: GET /api/Logs/diagnostics - Log access by user admin@example.com with role Admin [User:{Properties.UserId}] [Role:{Properties.UserRole}]
2025-05-04 14:28:50.556 +02:00 [INF] Request: GET /api/Logs/search - Log access by user admin@example.com with role Admin [User:{Properties.UserId}] [Role:{Properties.UserRole}]
2025-05-04 14:32:47.837 +02:00 [WRN] Failed to determine the https port for redirect. [User:{Properties.UserId}] [Role:{Properties.UserRole}]
2025-05-04 14:32:48.048 +02:00 [INF] Request: POST /api/Auth/login - User login by user anonymous with role none [User:{Properties.UserId}] [Role:{Properties.UserRole}]
2025-05-04 14:33:16.041 +02:00 [INF] Request: GET /api/Logs/search - Log access by user admin@example.com with role Admin [User:{Properties.UserId}] [Role:{Properties.UserRole}]
2025-05-04 14:33:28.416 +02:00 [INF] Request: GET /api/Logs/search - Log access by user admin@example.com with role Admin [User:{Properties.UserId}] [Role:{Properties.UserRole}]
2025-05-04 14:33:34.101 +02:00 [INF] Request: GET /api/Logs/diagnostics - Log access by user admin@example.com with role Admin [User:{Properties.UserId}] [Role:{Properties.UserRole}]
2025-05-04 14:35:34.810 +02:00 [INF] Request: GET /api/Logs/diagnostics - Log access by user admin@example.com with role Admin [User:{Properties.UserId}] [Role:{Properties.UserRole}]
2025-05-04 14:36:07.293 +02:00 [WRN] Failed to determine the https port for redirect. [User:{Properties.UserId}] [Role:{Properties.UserRole}]
2025-05-04 14:36:07.499 +02:00 [INF] Request: POST /api/Auth/login - User login by user anonymous with role none [User:{Properties.UserId}] [Role:{Properties.UserRole}]
2025-05-04 14:36:25.821 +02:00 [INF] Request: GET /api/Logs/diagnostics - Log access by user admin@example.com with role Admin [User:{Properties.UserId}] [Role:{Properties.UserRole}]
2025-05-04 14:43:50.930 +02:00 [INF] Request: POST /api/Providers - Creating new provider by user admin@example.com with role Admin [User:{Properties.UserId}] [Role:{Properties.UserRole}]
2025-05-04 14:44:17.185 +02:00 [INF] Request: DELETE /api/Providers/8 - Deleting provider by user admin@example.com with role Admin [User:{Properties.UserId}] [Role:{Properties.UserRole}]
2025-05-04 15:27:07.305 +02:00 [FTL] Application terminated unexpectedly [User:{Properties.UserId}] [Role:{Properties.UserRole}]
System.InvalidOperationException: Sequence contains no elements
   at System.Linq.ThrowHelper.ThrowNoElementsException()
   at lambda_method525(Closure, QueryContext)
   at Microsoft.EntityFrameworkCore.Query.Internal.QueryCompiler.ExecuteCore[TResult](Expression query, Boolean async, CancellationToken cancellationToken)
   at Microsoft.EntityFrameworkCore.Query.Internal.QueryCompiler.Execute[TResult](Expression query)
   at Microsoft.EntityFrameworkCore.Query.Internal.EntityQueryProvider.Execute[TResult](Expression expression)
   at ExperienceService.Data.DbSeeder.SeedBusinessData() in C:\Users\johnn\UNI\4.Semester\BAD\BAD-code\SharedExperiences-MSSQL\DataAccess\DbSeeder.cs:line 161
   at ExperienceService.Data.DbSeeder.SeedAsync() in C:\Users\johnn\UNI\4.Semester\BAD\BAD-code\SharedExperiences-MSSQL\DataAccess\DbSeeder.cs:line 41
   at Program.<Main>$(String[] args) in C:\Users\johnn\UNI\4.Semester\BAD\BAD-code\SharedExperiences-MSSQL\Program.cs:line 177
2025-05-04 15:28:14.003 +02:00 [WRN] Failed to determine the https port for redirect. [User:{Properties.UserId}] [Role:{Properties.UserRole}]
2025-05-04 13:38:15.791 +00:00 [WRN] Storing keys in a directory '/root/.aspnet/DataProtection-Keys' that may not be persisted outside of the container. Protected data will be unavailable when container is destroyed. For more information go to https://aka.ms/aspnet/dataprotectionwarning [User:{Properties.UserId}] [Role:{Properties.UserRole}]
2025-05-04 13:38:15.893 +00:00 [WRN] No XML encryptor configured. Key {17e298ce-6a1b-43be-8d86-ae870cf10e9a} may be persisted to storage in unencrypted form. [User:{Properties.UserId}] [Role:{Properties.UserRole}]
2025-05-04 13:42:43.522 +00:00 [WRN] Storing keys in a directory '/root/.aspnet/DataProtection-Keys' that may not be persisted outside of the container. Protected data will be unavailable when container is destroyed. For more information go to https://aka.ms/aspnet/dataprotectionwarning [User:{Properties.UserId}] [Role:{Properties.UserRole}]
2025-05-04 13:42:43.676 +00:00 [WRN] No XML encryptor configured. Key {5817eda8-3de4-4d75-babe-8d80f98a9446} may be persisted to storage in unencrypted form. [User:{Properties.UserId}] [Role:{Properties.UserRole}]
2025-05-04 13:44:50.277 +00:00 [WRN] Storing keys in a directory '/root/.aspnet/DataProtection-Keys' that may not be persisted outside of the container. Protected data will be unavailable when container is destroyed. For more information go to https://aka.ms/aspnet/dataprotectionwarning [User:{Properties.UserId}] [Role:{Properties.UserRole}]
2025-05-04 13:44:50.369 +00:00 [WRN] No XML encryptor configured. Key {efe045a9-3bee-4063-bcd3-01b7f21f8212} may be persisted to storage in unencrypted form. [User:{Properties.UserId}] [Role:{Properties.UserRole}]
2025-05-04 13:44:50.447 +00:00 [WRN] Overriding address(es) 'http://*:8080'. Binding to endpoints defined via IConfiguration and/or UseKestrel() instead. [User:{Properties.UserId}] [Role:{Properties.UserRole}]
2025-05-04 13:45:22.938 +00:00 [WRN] Failed to determine the https port for redirect. [User:{Properties.UserId}] [Role:{Properties.UserRole}]
