2025-05-01 10:32:20.943 +02:00 [WRN] Failed to determine the https port for redirect.
2025-05-01 11:06:44.809 +02:00 [WRN] Failed to determine the https port for redirect.
2025-05-01 11:06:45.043 +02:00 [INF] Request: POST /api/Auth/login - User login
2025-05-01 11:07:33.930 +02:00 [INF] Request: POST /api/Auth/login - User login
2025-05-01 11:08:22.507 +02:00 [INF] Request: POST /api/Auth/login - User login
2025-05-01 11:43:34.783 +02:00 [ERR] An unhandled exception has occurred while executing the request.
System.FormatException: '1' is not a valid 24 digit hex string.
   at MongoDB.Bson.ObjectId.Parse(String s)
   at MongoDB.Bson.Serialization.Serializers.StringSerializer.SerializeValue(BsonSerializationContext context, BsonSerializationArgs args, String value)
   at MongoDB.Bson.Serialization.Serializers.SealedClassSerializerBase`1.Serialize(BsonSerializationContext context, BsonSerializationArgs args, TValue value)
   at MongoDB.Bson.Serialization.IBsonSerializerExtensions.Serialize(IBsonSerializer serializer, BsonSerializationContext context, Object value)
   at MongoDB.Driver.Linq.Linq3Implementation.Misc.SerializationHelper.SerializeValue(IBsonSerializer serializer, Object value)
   at MongoDB.Driver.Linq.Linq3Implementation.Misc.SerializationHelper.SerializeValue(IBsonSerializer serializer, ConstantExpression constantExpression, Expression containingExpression)
   at MongoDB.Driver.Linq.Linq3Implementation.Translators.ExpressionToFilterTranslators.ExpressionTranslators.ComparisonExpressionToFilterTranslator.Translate(TranslationContext context, BinaryExpression expression)
   at MongoDB.Driver.Linq.Linq3Implementation.Translators.ExpressionToFilterTranslators.ExpressionToFilterTranslator.TranslateUsingQueryOperators(TranslationContext context, Expression expression)
   at MongoDB.Driver.Linq.Linq3Implementation.Translators.ExpressionToFilterTranslators.ExpressionToFilterTranslator.Translate(TranslationContext context, Expression expression, Boolean exprOk)
   at MongoDB.Driver.Linq.Linq3Implementation.Translators.ExpressionToFilterTranslators.ExpressionToFilterTranslator.TranslateLambda(TranslationContext context, LambdaExpression lambdaExpression, IBsonSerializer parameterSerializer, Boolean asRoot)
   at MongoDB.Driver.Linq.Linq3Implementation.LinqProviderAdapterV3.TranslateExpressionToFilter[TDocument](Expression`1 expression, IBsonSerializer`1 documentSerializer, IBsonSerializerRegistry serializerRegistry)
   at MongoDB.Driver.ExpressionFilterDefinition`1.Render(RenderArgs`1 args)
   at MongoDB.Driver.MongoCollectionImpl`1.CreateFindOperation[TProjection](FilterDefinition`1 filter, FindOptions`2 options)
   at MongoDB.Driver.MongoCollectionImpl`1.FindAsync[TProjection](IClientSessionHandle session, FilterDefinition`1 filter, FindOptions`2 options, CancellationToken cancellationToken)
   at MongoDB.Driver.MongoCollectionImpl`1.<>c__DisplayClass55_0`1.<FindAsync>b__0(IClientSessionHandle session)
   at MongoDB.Driver.MongoCollectionImpl`1.UsingImplicitSessionAsync[TResult](Func`2 funcAsync, CancellationToken cancellationToken)
   at MongoDB.Driver.IAsyncCursorSourceExtensions.FirstOrDefaultAsync[TDocument](IAsyncCursorSource`1 source, CancellationToken cancellationToken)
   at ExperienceService.Services.ProviderService.GetProviderByIdAsync(String id) in C:\Users\johnn\UNI\4.Semester\BAD\BAD-code\SharedExperiences-MongoDB\Services\ProviderService.cs:line 25
   at ExperienceService.Controllers.ProvidersController.GetProvider(String id) in C:\Users\johnn\UNI\4.Semester\BAD\BAD-code\SharedExperiences-MongoDB\Controllers\ProviderController.cs:line 33
   at lambda_method35(Closure, Object)
   at Microsoft.AspNetCore.Mvc.Infrastructure.ActionMethodExecutor.AwaitableObjectResultExecutor.Execute(ActionContext actionContext, IActionResultTypeMapper mapper, ObjectMethodExecutor executor, Object controller, Object[] arguments)
   at Microsoft.AspNetCore.Mvc.Infrastructure.ControllerActionInvoker.<InvokeActionMethodAsync>g__Awaited|12_0(ControllerActionInvoker invoker, ValueTask`1 actionResultValueTask)
   at Microsoft.AspNetCore.Mvc.Infrastructure.ControllerActionInvoker.<InvokeNextActionFilterAsync>g__Awaited|10_0(ControllerActionInvoker invoker, Task lastTask, State next, Scope scope, Object state, Boolean isCompleted)
   at Microsoft.AspNetCore.Mvc.Infrastructure.ControllerActionInvoker.Rethrow(ActionExecutedContextSealed context)
   at Microsoft.AspNetCore.Mvc.Infrastructure.ControllerActionInvoker.Next(State& next, Scope& scope, Object& state, Boolean& isCompleted)
   at Microsoft.AspNetCore.Mvc.Infrastructure.ControllerActionInvoker.InvokeInnerFilterAsync()
--- End of stack trace from previous location ---
   at Microsoft.AspNetCore.Mvc.Infrastructure.ResourceInvoker.<InvokeFilterPipelineAsync>g__Awaited|20_0(ResourceInvoker invoker, Task lastTask, State next, Scope scope, Object state, Boolean isCompleted)
   at Microsoft.AspNetCore.Mvc.Infrastructure.ResourceInvoker.<InvokeAsync>g__Awaited|17_0(ResourceInvoker invoker, Task task, IDisposable scope)
   at Microsoft.AspNetCore.Mvc.Infrastructure.ResourceInvoker.<InvokeAsync>g__Awaited|17_0(ResourceInvoker invoker, Task task, IDisposable scope)
   at Microsoft.AspNetCore.Authorization.AuthorizationMiddleware.Invoke(HttpContext context)
   at Microsoft.AspNetCore.Authentication.AuthenticationMiddleware.Invoke(HttpContext context)
   at SharedExperiences.Middleware.SimpleRequestLoggingMiddleware.InvokeAsync(HttpContext context) in C:\Users\johnn\UNI\4.Semester\BAD\BAD-code\SharedExperiences-MongoDB\Middleware\SimpleRequestLoggingMiddleware.cs:line 64
   at Swashbuckle.AspNetCore.SwaggerUI.SwaggerUIMiddleware.Invoke(HttpContext httpContext)
   at Swashbuckle.AspNetCore.Swagger.SwaggerMiddleware.Invoke(HttpContext httpContext, ISwaggerProvider swaggerProvider)
   at Microsoft.AspNetCore.Diagnostics.DeveloperExceptionPageMiddlewareImpl.Invoke(HttpContext context)
